Build started 10/05/2021 22:04:27.
     1>Project "C:\Users\yakik\dev\UnitTests-TDD-Refactor-Workshop\cpp-visual-studio\LegacyCode\LegacyCode.vcxproj" on node 3 (Rebuild target(s)).
     1>ClCompile:
         C:\Program Files (x86)\Microsoft Visual Studio 12.0\VC\bin\CL.exe /c /Zi /nologo /W3 /WX- /O2 /Oi /Oy- /GL /D WIN32 /D NDEBUG /D _CONSOLE /D _LIB /D _UNICODE /D UNICODE /Gm- /EHsc /MD /GS /Gy /fp:precise /Zc:wchar_t /Zc:forScope /Yc"stdafx.h" /Fp"Release\LegacyCode.pch" /Fo"Release\\" /Fd"Release\vc120.pdb" /Gd /TP /analyze- /errorReport:prompt stdafx.cpp
         stdafx.cpp
         C:\Program Files (x86)\Microsoft Visual Studio 12.0\VC\bin\CL.exe /c /Zi /nologo /W3 /WX- /O2 /Oi /Oy- /GL /D WIN32 /D NDEBUG /D _CONSOLE /D _LIB /D _UNICODE /D UNICODE /Gm- /EHsc /MD /GS /Gy /fp:precise /Zc:wchar_t /Zc:forScope /Yu"stdafx.h" /Fp"Release\LegacyCode.pch" /Fo"Release\\" /Fd"Release\vc120.pdb" /Gd /TP /analyze- /errorReport:prompt GildedRose.cpp InterestingClass.cpp LegacyCode.cpp UnInstantiableClass.cpp
         GildedRose.cpp
     1>GildedRose.cpp(21): warning C4996: 'scanf': This function or variable may be unsafe. Consider using scanf_s instead. To disable deprecation, use _CRT_SECURE_NO_WARNINGS. See online help for details.
                 C:\Program Files (x86)\Microsoft Visual Studio 12.0\VC\include\stdio.h(283) : see declaration of 'scanf'
         InterestingClass.cpp
         LegacyCode.cpp
         UnInstantiableClass.cpp
       Link:
         C:\Program Files (x86)\Microsoft Visual Studio 12.0\VC\bin\link.exe /ERRORREPORT:PROMPT /OUT:"C:\Users\yakik\dev\UnitTests-TDD-Refactor-Workshop\cpp-visual-studio\Release\LegacyCode.exe" /INCREMENTAL:NO /NOLOGO kernel32.lib user32.lib gdi32.lib winspool.lib comdlg32.lib advapi32.lib shell32.lib ole32.lib oleaut32.lib uuid.lib odbc32.lib odbccp32.lib /MANIFEST /MANIFESTUAC:"level='asInvoker' uiAccess='false'" /manifest:embed /DEBUG /PDB:"C:\Users\yakik\dev\UnitTests-TDD-Refactor-Workshop\cpp-visual-studio\Release\LegacyCode.pdb" /SUBSYSTEM:CONSOLE /OPT:REF /OPT:ICF /LTCG /TLBID:1 /DYNAMICBASE /NXCOMPAT /IMPLIB:"C:\Users\yakik\dev\UnitTests-TDD-Refactor-Workshop\cpp-visual-studio\Release\LegacyCode.lib" /MACHINE:X86 /SAFESEH Release\GildedRose.obj
         Release\InterestingClass.obj
         Release\LegacyCode.obj
         Release\stdafx.obj
         Release\UnInstantiableClass.obj
         Generating code
         Finished generating code
         LegacyCode.vcxproj -> C:\Users\yakik\dev\UnitTests-TDD-Refactor-Workshop\cpp-visual-studio\Release\LegacyCode.exe
     1>Done Building Project "C:\Users\yakik\dev\UnitTests-TDD-Refactor-Workshop\cpp-visual-studio\LegacyCode\LegacyCode.vcxproj" (Rebuild target(s)).

Build succeeded.

Time Elapsed 00:00:02.02
